{"uuid":"37621cde-ea3a-4106-9390-bc8c569e1bc5","historyId":"d7d9823c8ff0855fe5894ce2cb6ad89c","fullName":"TestCase.TestCaseAddProduct.testAddNewProductWithImageFromLibrary","labels":[{"name":"package","value":"TestCase.TestCaseAddProduct"},{"name":"testClass","value":"TestCase.TestCaseAddProduct"},{"name":"testMethod","value":"testAddNewProductWithImageFromLibrary"},{"name":"parentSuite","value":"Suite"},{"name":"suite","value":"Test_Shopee"},{"name":"subSuite","value":"TestCase.TestCaseAddProduct"},{"name":"host","value":"intern-pmquang-laptop"},{"name":"thread","value":"12520@intern-pmquang-laptop.main(1)"},{"name":"framework","value":"testng"},{"name":"language","value":"java"},{"name":"story","value":"Kiểm tra chức năng thêm sản phẩm với ảnh chọn từ thư viện"},{"name":"feature","value":"Kiểm tra chức năng tạo sản phẩm"}],"links":[],"name":"TC09 - Kiểm tra chức năng thêm sản phẩm với ảnh được chọn từ thư viện","status":"broken","statusDetails":{"known":false,"muted":false,"flaky":false,"message":"Expected condition failed: waiting for visibility of Located by By.chained({By.xpath: new UiSelector().text(\"Nhập cân nặng\")}) (tried for 10 second(s) with 500 milliseconds interval)","trace":"org.openqa.selenium.TimeoutException: Expected condition failed: waiting for visibility of Located by By.chained({By.xpath: new UiSelector().text(\"Nhập cân nặng\")}) (tried for 10 second(s) with 500 milliseconds interval)\r\n\tat org.openqa.selenium.support.ui.WebDriverWait.timeoutException(WebDriverWait.java:84)\r\n\tat org.openqa.selenium.support.ui.FluentWait.until(FluentWait.java:228)\r\n\tat Page.AddProductPage.sendKeyInputWeight(AddProductPage.java:307)\r\n\tat Page.AddProductPage.lambda$2(AddProductPage.java:321)\r\n\tat io.qameta.allure.Allure.lambda$step$1(Allure.java:127)\r\n\tat io.qameta.allure.Allure.step(Allure.java:181)\r\n\tat io.qameta.allure.Allure.step(Allure.java:125)\r\n\tat Page.AddProductPage.shippingFeeAS(AddProductPage.java:319)\r\n\tat Page.AddProductPage.addProductAS(AddProductPage.java:381)\r\n\tat TestCase.TestCaseAddProduct.testAddNewProductWithImageFromLibrary(TestCaseAddProduct.java:215)\r\n\tat java.base/jdk.internal.reflect.NativeMethodAccessorImpl.invoke0(Native Method)\r\n\tat java.base/jdk.internal.reflect.NativeMethodAccessorImpl.invoke(NativeMethodAccessorImpl.java:77)\r\n\tat java.base/jdk.internal.reflect.DelegatingMethodAccessorImpl.invoke(DelegatingMethodAccessorImpl.java:43)\r\n\tat java.base/java.lang.reflect.Method.invoke(Method.java:568)\r\n\tat org.testng.internal.invokers.MethodInvocationHelper.invokeMethod(MethodInvocationHelper.java:141)\r\n\tat org.testng.internal.invokers.TestInvoker.invokeMethod(TestInvoker.java:686)\r\n\tat org.testng.internal.invokers.TestInvoker.invokeTestMethod(TestInvoker.java:230)\r\n\tat org.testng.internal.invokers.MethodRunner.runInSequence(MethodRunner.java:63)\r\n\tat org.testng.internal.invokers.TestInvoker$MethodInvocationAgent.invoke(TestInvoker.java:992)\r\n\tat org.testng.internal.invokers.TestInvoker.invokeTestMethods(TestInvoker.java:203)\r\n\tat org.testng.internal.invokers.TestMethodWorker.invokeTestMethods(TestMethodWorker.java:154)\r\n\tat org.testng.internal.invokers.TestMethodWorker.run(TestMethodWorker.java:134)\r\n\tat java.base/java.util.ArrayList.forEach(ArrayList.java:1511)\r\n\tat org.testng.TestRunner.privateRun(TestRunner.java:739)\r\n\tat org.testng.TestRunner.run(TestRunner.java:614)\r\n\tat org.testng.SuiteRunner.runTest(SuiteRunner.java:421)\r\n\tat org.testng.SuiteRunner.runSequentially(SuiteRunner.java:413)\r\n\tat org.testng.SuiteRunner.privateRun(SuiteRunner.java:373)\r\n\tat org.testng.SuiteRunner.run(SuiteRunner.java:312)\r\n\tat org.testng.SuiteRunnerWorker.runSuite(SuiteRunnerWorker.java:52)\r\n\tat org.testng.SuiteRunnerWorker.run(SuiteRunnerWorker.java:95)\r\n\tat org.testng.TestNG.runSuitesSequentially(TestNG.java:1274)\r\n\tat org.testng.TestNG.runSuitesLocally(TestNG.java:1208)\r\n\tat org.testng.TestNG.runSuites(TestNG.java:1112)\r\n\tat org.testng.TestNG.run(TestNG.java:1079)\r\n\tat org.testng.remote.AbstractRemoteTestNG.run(AbstractRemoteTestNG.java:115)\r\n\tat org.testng.remote.RemoteTestNG.initAndRun(RemoteTestNG.java:293)\r\n\tat org.testng.remote.RemoteTestNG.main(RemoteTestNG.java:91)\r\nCaused by: org.openqa.selenium.NoSuchElementException: Can't locate an element by this strategy: By.chained({By.xpath: new UiSelector().text(\"Nhập cân nặng\")})\r\n\tat io.appium.java_client.pagefactory.AppiumElementLocator.findElement(AppiumElementLocator.java:166)\r\n\tat io.appium.java_client.pagefactory.interceptors.InterceptorOfASingleElement.call(InterceptorOfASingleElement.java:75)\r\n\tat io.appium.java_client.proxy.Interceptor.intercept(Interceptor.java:78)\r\n\tat org.openqa.selenium.remote.RemoteWebElement$ByteBuddy$VfidzRxp.isDisplayed(Unknown Source)\r\n\tat org.openqa.selenium.support.ui.ExpectedConditions.elementIfVisible(ExpectedConditions.java:304)\r\n\tat org.openqa.selenium.support.ui.ExpectedConditions$10.apply(ExpectedConditions.java:290)\r\n\tat org.openqa.selenium.support.ui.ExpectedConditions$10.apply(ExpectedConditions.java:287)\r\n\tat org.openqa.selenium.support.ui.FluentWait.until(FluentWait.java:203)\r\n\t... 36 more\r\nCaused by: org.openqa.selenium.TimeoutException: Expected condition failed: waiting for io.appium.java_client.pagefactory.AppiumElementLocator$WaitingFunction@57efc6fd (tried for 1 second(s) with 500 milliseconds interval)\nBuild info: version: '4.29.0', revision: '5fc1ec94cb'\nSystem info: os.name: 'Windows 11', os.arch: 'amd64', os.version: '10.0', java.version: '17.0.10'\nDriver info: driver.version: unknown\r\n\tat org.openqa.selenium.support.ui.FluentWait.timeoutException(FluentWait.java:265)\r\n\tat org.openqa.selenium.support.ui.FluentWait.until(FluentWait.java:228)\r\n\tat io.appium.java_client.pagefactory.AppiumElementLocator.waitFor(AppiumElementLocator.java:135)\r\n\tat io.appium.java_client.pagefactory.AppiumElementLocator.findElement(AppiumElementLocator.java:160)\r\n\t... 43 more\r\n"},"stage":"finished","steps":[{"name":"Nhấn vào mục thêm ảnh","status":"passed","stage":"finished","steps":[],"attachments":[],"parameters":[],"start":1740792884749,"stop":1740792884749},{"name":"Nhấn chọn option chọn ảnh từ thư viện","status":"passed","stage":"finished","steps":[],"attachments":[],"parameters":[],"start":1740792885379,"stop":1740792885379},{"name":"Chọn 2 ảnh từ thư viện","status":"passed","stage":"finished","steps":[],"attachments":[],"parameters":[],"start":1740792888963,"stop":1740792888963},{"name":"Nhấn nút xác nhận","status":"passed","stage":"finished","steps":[],"attachments":[],"parameters":[],"start":1740792904375,"stop":1740792904375},{"name":"Nhập tên sản phẩm: Điện thoại Oppo","status":"passed","stage":"finished","steps":[],"attachments":[],"parameters":[],"start":1740792905481,"stop":1740792905481},{"name":"Nhập mô tả: OPPO Reno 13 đã chính thức gia nhập thị trường điện thoại thông minh. Với chất liệu bền bỉ, khả năng kháng nước và bụi tốt, cùng vi xử lý chuẩn flagship và viên pin dung lượng lớn, hứa hẹn mang đến trải nghiệm tuyệt vời cho người dùng.","status":"passed","stage":"finished","steps":[],"attachments":[],"parameters":[],"start":1740792909449,"stop":1740792909449},{"name":"Thực hiện chọn ngành hàng","status":"passed","stage":"finished","steps":[{"name":"Nhấn chọn ngành hàng","status":"passed","stage":"finished","steps":[],"attachments":[],"parameters":[],"start":1740792916263,"stop":1740792916263},{"name":"Nhấn chọn option Điện thoại & phụ kiện","status":"passed","stage":"finished","steps":[],"attachments":[],"parameters":[],"start":1740792916641,"stop":1740792916641},{"name":"Nhấn chọn option Điện thoại","status":"passed","stage":"finished","steps":[],"attachments":[],"parameters":[],"start":1740792919820,"stop":1740792919820}],"attachments":[],"parameters":[],"start":1740792916263,"stop":1740792926544},{"name":"Thực hiện chọn thương hiệu","status":"passed","stage":"finished","steps":[{"name":"Nhấn chọn Thương hiệu","status":"passed","stage":"finished","steps":[],"attachments":[],"parameters":[],"start":1740792927558,"stop":1740792927558},{"name":"Nhấn chọn option NoBrand","status":"passed","stage":"finished","steps":[],"attachments":[],"parameters":[],"start":1740792928701,"stop":1740792928701},{"name":"Nhấn nút Lưu","status":"passed","stage":"finished","steps":[],"attachments":[],"parameters":[],"start":1740792931192,"stop":1740792931192}],"attachments":[],"parameters":[],"start":1740792927558,"stop":1740792934806},{"name":"Nhập giá: 18000000","status":"passed","stage":"finished","steps":[],"attachments":[],"parameters":[],"start":1740792937423,"stop":1740792937423},{"name":"Nhập số lượng tồn kho : 10","status":"passed","stage":"finished","steps":[],"attachments":[],"parameters":[],"start":1740792939291,"stop":1740792939291},{"name":"Thực hiện nhập phí vận chuyển","status":"broken","statusDetails":{"known":false,"muted":false,"flaky":false,"message":"Expected condition failed: waiting for visibility of Located by By.chained({By.xpath: new UiSelector().text(\"Nhập cân nặng\")}) (tried for 10 second(s) with 500 milliseconds interval)","trace":"org.openqa.selenium.TimeoutException: Expected condition failed: waiting for visibility of Located by By.chained({By.xpath: new UiSelector().text(\"Nhập cân nặng\")}) (tried for 10 second(s) with 500 milliseconds interval)\r\n\tat org.openqa.selenium.support.ui.WebDriverWait.timeoutException(WebDriverWait.java:84)\r\n\tat org.openqa.selenium.support.ui.FluentWait.until(FluentWait.java:228)\r\n\tat Page.AddProductPage.sendKeyInputWeight(AddProductPage.java:307)\r\n\tat Page.AddProductPage.lambda$2(AddProductPage.java:321)\r\n\tat io.qameta.allure.Allure.lambda$step$1(Allure.java:127)\r\n\tat io.qameta.allure.Allure.step(Allure.java:181)\r\n\tat io.qameta.allure.Allure.step(Allure.java:125)\r\n\tat Page.AddProductPage.shippingFeeAS(AddProductPage.java:319)\r\n\tat Page.AddProductPage.addProductAS(AddProductPage.java:381)\r\n\tat TestCase.TestCaseAddProduct.testAddNewProductWithImageFromLibrary(TestCaseAddProduct.java:215)\r\n\tat java.base/jdk.internal.reflect.NativeMethodAccessorImpl.invoke0(Native Method)\r\n\tat java.base/jdk.internal.reflect.NativeMethodAccessorImpl.invoke(NativeMethodAccessorImpl.java:77)\r\n\tat java.base/jdk.internal.reflect.DelegatingMethodAccessorImpl.invoke(DelegatingMethodAccessorImpl.java:43)\r\n\tat java.base/java.lang.reflect.Method.invoke(Method.java:568)\r\n\tat org.testng.internal.invokers.MethodInvocationHelper.invokeMethod(MethodInvocationHelper.java:141)\r\n\tat org.testng.internal.invokers.TestInvoker.invokeMethod(TestInvoker.java:686)\r\n\tat org.testng.internal.invokers.TestInvoker.invokeTestMethod(TestInvoker.java:230)\r\n\tat org.testng.internal.invokers.MethodRunner.runInSequence(MethodRunner.java:63)\r\n\tat org.testng.internal.invokers.TestInvoker$MethodInvocationAgent.invoke(TestInvoker.java:992)\r\n\tat org.testng.internal.invokers.TestInvoker.invokeTestMethods(TestInvoker.java:203)\r\n\tat org.testng.internal.invokers.TestMethodWorker.invokeTestMethods(TestMethodWorker.java:154)\r\n\tat org.testng.internal.invokers.TestMethodWorker.run(TestMethodWorker.java:134)\r\n\tat java.base/java.util.ArrayList.forEach(ArrayList.java:1511)\r\n\tat org.testng.TestRunner.privateRun(TestRunner.java:739)\r\n\tat org.testng.TestRunner.run(TestRunner.java:614)\r\n\tat org.testng.SuiteRunner.runTest(SuiteRunner.java:421)\r\n\tat org.testng.SuiteRunner.runSequentially(SuiteRunner.java:413)\r\n\tat org.testng.SuiteRunner.privateRun(SuiteRunner.java:373)\r\n\tat org.testng.SuiteRunner.run(SuiteRunner.java:312)\r\n\tat org.testng.SuiteRunnerWorker.runSuite(SuiteRunnerWorker.java:52)\r\n\tat org.testng.SuiteRunnerWorker.run(SuiteRunnerWorker.java:95)\r\n\tat org.testng.TestNG.runSuitesSequentially(TestNG.java:1274)\r\n\tat org.testng.TestNG.runSuitesLocally(TestNG.java:1208)\r\n\tat org.testng.TestNG.runSuites(TestNG.java:1112)\r\n\tat org.testng.TestNG.run(TestNG.java:1079)\r\n\tat org.testng.remote.AbstractRemoteTestNG.run(AbstractRemoteTestNG.java:115)\r\n\tat org.testng.remote.RemoteTestNG.initAndRun(RemoteTestNG.java:293)\r\n\tat org.testng.remote.RemoteTestNG.main(RemoteTestNG.java:91)\r\nCaused by: org.openqa.selenium.NoSuchElementException: Can't locate an element by this strategy: By.chained({By.xpath: new UiSelector().text(\"Nhập cân nặng\")})\r\n\tat io.appium.java_client.pagefactory.AppiumElementLocator.findElement(AppiumElementLocator.java:166)\r\n\tat io.appium.java_client.pagefactory.interceptors.InterceptorOfASingleElement.call(InterceptorOfASingleElement.java:75)\r\n\tat io.appium.java_client.proxy.Interceptor.intercept(Interceptor.java:78)\r\n\tat org.openqa.selenium.remote.RemoteWebElement$ByteBuddy$VfidzRxp.isDisplayed(Unknown Source)\r\n\tat org.openqa.selenium.support.ui.ExpectedConditions.elementIfVisible(ExpectedConditions.java:304)\r\n\tat org.openqa.selenium.support.ui.ExpectedConditions$10.apply(ExpectedConditions.java:290)\r\n\tat org.openqa.selenium.support.ui.ExpectedConditions$10.apply(ExpectedConditions.java:287)\r\n\tat org.openqa.selenium.support.ui.FluentWait.until(FluentWait.java:203)\r\n\t... 36 more\r\nCaused by: org.openqa.selenium.TimeoutException: Expected condition failed: waiting for io.appium.java_client.pagefactory.AppiumElementLocator$WaitingFunction@57efc6fd (tried for 1 second(s) with 500 milliseconds interval)\nBuild info: version: '4.29.0', revision: '5fc1ec94cb'\nSystem info: os.name: 'Windows 11', os.arch: 'amd64', os.version: '10.0', java.version: '17.0.10'\nDriver info: driver.version: unknown\r\n\tat org.openqa.selenium.support.ui.FluentWait.timeoutException(FluentWait.java:265)\r\n\tat org.openqa.selenium.support.ui.FluentWait.until(FluentWait.java:228)\r\n\tat io.appium.java_client.pagefactory.AppiumElementLocator.waitFor(AppiumElementLocator.java:135)\r\n\tat io.appium.java_client.pagefactory.AppiumElementLocator.findElement(AppiumElementLocator.java:160)\r\n\t... 43 more\r\n"},"stage":"finished","steps":[{"name":"Nhấn chọn phí vận chuyển","status":"passed","stage":"finished","steps":[],"attachments":[],"parameters":[],"start":1740792941888,"stop":1740792941888},{"name":"Nhập cân nặng sản phẩm: 120","status":"passed","stage":"finished","steps":[],"attachments":[],"parameters":[],"start":1740792943261,"stop":1740792943261}],"attachments":[],"parameters":[],"start":1740792941888,"stop":1740792961311}],"attachments":[{"name":"Screenshot","source":"069dc4ea-707b-4748-b9fb-3ea32ec1e0aa-attachment.png","type":"image/png"}],"parameters":[],"start":1740792884749,"stop":1740792962021}