{"uuid":"c9b67b61-4e7e-4b61-ba0c-014543c9a338","historyId":"d7d9823c8ff0855fe5894ce2cb6ad89c","fullName":"TestCase.TestCaseAddProduct.testAddNewProductWithImageFromLibrary","labels":[{"name":"package","value":"TestCase.TestCaseAddProduct"},{"name":"testClass","value":"TestCase.TestCaseAddProduct"},{"name":"testMethod","value":"testAddNewProductWithImageFromLibrary"},{"name":"parentSuite","value":"Suite"},{"name":"suite","value":"Test_Shopee"},{"name":"subSuite","value":"TestCase.TestCaseAddProduct"},{"name":"host","value":"intern-pmquang-laptop"},{"name":"thread","value":"20820@intern-pmquang-laptop.main(1)"},{"name":"framework","value":"testng"},{"name":"language","value":"java"},{"name":"story","value":"Kiểm tra chức năng thêm sản phẩm với ảnh chọn từ thư viện"},{"name":"feature","value":"Kiểm tra chức năng tạo sản phẩm"}],"links":[],"name":"TC09 - Kiểm tra chức năng thêm sản phẩm với ảnh được chọn từ thư viện","status":"broken","statusDetails":{"known":false,"muted":false,"flaky":false,"message":"An element could not be located on the page using the given search parameters.\nFor documentation on this error, please visit: https://www.selenium.dev/documentation/webdriver/troubleshooting/errors#no-such-element-exception\nBuild info: version: '4.29.0', revision: '5fc1ec94cb'\nSystem info: os.name: 'Windows 11', os.arch: 'amd64', os.version: '10.0', java.version: '17.0.10'\nDriver info: io.appium.java_client.android.AndroidDriver\nCommand: [a82f80e2-1766-4034-af7c-d4b28783b115, findElement {value=new UiScrollable(new UiSelector().scrollable(true)).scrollIntoView(new UiSelector().text(\"Ngành hàng\")), using=-android uiautomator}]\nCapabilities {appium:appActivity: com.shopee.app.ui.home.Home..., appium:appPackage: com.shopee.vn, appium:autoGrantPermissions: true, appium:automationName: UiAutomator2, appium:databaseEnabled: false, appium:desired: {appActivity: com.shopee.app.ui.home.Home..., appPackage: com.shopee.vn, autoGrantPermissions: true, automationName: UiAutomator2, deviceName: OPPO Reno4, ignoreHiddenApiPolicyError: true, noReset: false, platformName: ANDROID}, appium:deviceApiLevel: 31, appium:deviceManufacturer: OPPO, appium:deviceModel: CPH2113, appium:deviceName: 83639429, appium:deviceScreenDensity: 480, appium:deviceScreenSize: 1080x2400, appium:deviceUDID: 83639429, appium:ignoreHiddenApiPolicyError: true, appium:javascriptEnabled: true, appium:locationContextEnabled: false, appium:networkConnectionEnabled: true, appium:noReset: false, appium:pixelRatio: 3, appium:platformVersion: 12, appium:statBarHeight: 111, appium:takesScreenshot: true, appium:viewportRect: {height: 2289, left: 0, top: 111, width: 1080}, appium:warnings: {}, appium:webStorageEnabled: false, platformName: ANDROID}\nSession ID: a82f80e2-1766-4034-af7c-d4b28783b115","trace":"org.openqa.selenium.NoSuchElementException: An element could not be located on the page using the given search parameters.\nFor documentation on this error, please visit: https://www.selenium.dev/documentation/webdriver/troubleshooting/errors#no-such-element-exception\nBuild info: version: '4.29.0', revision: '5fc1ec94cb'\nSystem info: os.name: 'Windows 11', os.arch: 'amd64', os.version: '10.0', java.version: '17.0.10'\nDriver info: io.appium.java_client.android.AndroidDriver\nCommand: [a82f80e2-1766-4034-af7c-d4b28783b115, findElement {value=new UiScrollable(new UiSelector().scrollable(true)).scrollIntoView(new UiSelector().text(\"Ngành hàng\")), using=-android uiautomator}]\nCapabilities {appium:appActivity: com.shopee.app.ui.home.Home..., appium:appPackage: com.shopee.vn, appium:autoGrantPermissions: true, appium:automationName: UiAutomator2, appium:databaseEnabled: false, appium:desired: {appActivity: com.shopee.app.ui.home.Home..., appPackage: com.shopee.vn, autoGrantPermissions: true, automationName: UiAutomator2, deviceName: OPPO Reno4, ignoreHiddenApiPolicyError: true, noReset: false, platformName: ANDROID}, appium:deviceApiLevel: 31, appium:deviceManufacturer: OPPO, appium:deviceModel: CPH2113, appium:deviceName: 83639429, appium:deviceScreenDensity: 480, appium:deviceScreenSize: 1080x2400, appium:deviceUDID: 83639429, appium:ignoreHiddenApiPolicyError: true, appium:javascriptEnabled: true, appium:locationContextEnabled: false, appium:networkConnectionEnabled: true, appium:noReset: false, appium:pixelRatio: 3, appium:platformVersion: 12, appium:statBarHeight: 111, appium:takesScreenshot: true, appium:viewportRect: {height: 2289, left: 0, top: 111, width: 1080}, appium:warnings: {}, appium:webStorageEnabled: false, platformName: ANDROID}\nSession ID: a82f80e2-1766-4034-af7c-d4b28783b115\r\n\tat java.base/jdk.internal.reflect.NativeConstructorAccessorImpl.newInstance0(Native Method)\r\n\tat java.base/jdk.internal.reflect.NativeConstructorAccessorImpl.newInstance(NativeConstructorAccessorImpl.java:77)\r\n\tat java.base/jdk.internal.reflect.DelegatingConstructorAccessorImpl.newInstance(DelegatingConstructorAccessorImpl.java:45)\r\n\tat java.base/java.lang.reflect.Constructor.newInstanceWithCaller(Constructor.java:499)\r\n\tat java.base/java.lang.reflect.Constructor.newInstance(Constructor.java:480)\r\n\tat org.openqa.selenium.remote.ErrorCodec.decode(ErrorCodec.java:167)\r\n\tat org.openqa.selenium.remote.codec.w3c.W3CHttpResponseCodec.decode(W3CHttpResponseCodec.java:138)\r\n\tat org.openqa.selenium.remote.codec.w3c.W3CHttpResponseCodec.decode(W3CHttpResponseCodec.java:50)\r\n\tat org.openqa.selenium.remote.HttpCommandExecutor.execute(HttpCommandExecutor.java:215)\r\n\tat io.appium.java_client.remote.AppiumCommandExecutor.execute(AppiumCommandExecutor.java:237)\r\n\tat org.openqa.selenium.remote.RemoteWebDriver.execute(RemoteWebDriver.java:545)\r\n\tat org.openqa.selenium.remote.ElementLocation$ElementFinder$2.findElement(ElementLocation.java:165)\r\n\tat org.openqa.selenium.remote.ElementLocation.findElement(ElementLocation.java:59)\r\n\tat org.openqa.selenium.remote.RemoteWebDriver.findElement(RemoteWebDriver.java:368)\r\n\tat org.openqa.selenium.remote.RemoteWebDriver.findElement(RemoteWebDriver.java:362)\r\n\tat Page.AddProductPage.chooseBrand(AddProductPage.java:223)\r\n\tat Page.AddProductPage.lambda$0(AddProductPage.java:245)\r\n\tat io.qameta.allure.Allure.lambda$step$1(Allure.java:127)\r\n\tat io.qameta.allure.Allure.step(Allure.java:181)\r\n\tat io.qameta.allure.Allure.step(Allure.java:125)\r\n\tat Page.AddProductPage.chooseBrandAS(AddProductPage.java:244)\r\n\tat Page.AddProductPage.addProductAS(AddProductPage.java:372)\r\n\tat TestCase.TestCaseAddProduct.testAddNewProductWithImageFromLibrary(TestCaseAddProduct.java:215)\r\n\tat java.base/jdk.internal.reflect.NativeMethodAccessorImpl.invoke0(Native Method)\r\n\tat java.base/jdk.internal.reflect.NativeMethodAccessorImpl.invoke(NativeMethodAccessorImpl.java:77)\r\n\tat java.base/jdk.internal.reflect.DelegatingMethodAccessorImpl.invoke(DelegatingMethodAccessorImpl.java:43)\r\n\tat java.base/java.lang.reflect.Method.invoke(Method.java:568)\r\n\tat org.testng.internal.invokers.MethodInvocationHelper.invokeMethod(MethodInvocationHelper.java:141)\r\n\tat org.testng.internal.invokers.TestInvoker.invokeMethod(TestInvoker.java:686)\r\n\tat org.testng.internal.invokers.TestInvoker.invokeTestMethod(TestInvoker.java:230)\r\n\tat org.testng.internal.invokers.MethodRunner.runInSequence(MethodRunner.java:63)\r\n\tat org.testng.internal.invokers.TestInvoker$MethodInvocationAgent.invoke(TestInvoker.java:992)\r\n\tat org.testng.internal.invokers.TestInvoker.invokeTestMethods(TestInvoker.java:203)\r\n\tat org.testng.internal.invokers.TestMethodWorker.invokeTestMethods(TestMethodWorker.java:154)\r\n\tat org.testng.internal.invokers.TestMethodWorker.run(TestMethodWorker.java:134)\r\n\tat java.base/java.util.ArrayList.forEach(ArrayList.java:1511)\r\n\tat org.testng.TestRunner.privateRun(TestRunner.java:739)\r\n\tat org.testng.TestRunner.run(TestRunner.java:614)\r\n\tat org.testng.SuiteRunner.runTest(SuiteRunner.java:421)\r\n\tat org.testng.SuiteRunner.runSequentially(SuiteRunner.java:413)\r\n\tat org.testng.SuiteRunner.privateRun(SuiteRunner.java:373)\r\n\tat org.testng.SuiteRunner.run(SuiteRunner.java:312)\r\n\tat org.testng.SuiteRunnerWorker.runSuite(SuiteRunnerWorker.java:52)\r\n\tat org.testng.SuiteRunnerWorker.run(SuiteRunnerWorker.java:95)\r\n\tat org.testng.TestNG.runSuitesSequentially(TestNG.java:1274)\r\n\tat org.testng.TestNG.runSuitesLocally(TestNG.java:1208)\r\n\tat org.testng.TestNG.runSuites(TestNG.java:1112)\r\n\tat org.testng.TestNG.run(TestNG.java:1079)\r\n\tat org.testng.remote.AbstractRemoteTestNG.run(AbstractRemoteTestNG.java:115)\r\n\tat org.testng.remote.RemoteTestNG.initAndRun(RemoteTestNG.java:293)\r\n\tat org.testng.remote.RemoteTestNG.main(RemoteTestNG.java:91)\r\n"},"stage":"finished","steps":[{"name":"Nhấn vào mục thêm ảnh","status":"passed","stage":"finished","steps":[],"attachments":[],"parameters":[],"start":1740789970054,"stop":1740789970054},{"name":"Nhấn chọn option chọn ảnh từ thư viện","status":"passed","stage":"finished","steps":[],"attachments":[],"parameters":[],"start":1740789970677,"stop":1740789970677},{"name":"Chọn 2 ảnh từ thư viện","status":"passed","stage":"finished","steps":[],"attachments":[],"parameters":[],"start":1740789974258,"stop":1740789974258},{"name":"Nhấn nút xác nhận","status":"passed","stage":"finished","steps":[],"attachments":[],"parameters":[],"start":1740789977244,"stop":1740789977244},{"name":"Nhập tên sản phẩm: Điện thoại Oppo","status":"passed","stage":"finished","steps":[],"attachments":[],"parameters":[],"start":1740789978307,"stop":1740789978307},{"name":"Nhập mô tả: OPPO Reno 13 đã chính thức gia nhập thị trường điện thoại thông minh. Với chất liệu bền bỉ, khả năng kháng nước và bụi tốt, cùng vi xử lý chuẩn flagship và viên pin dung lượng lớn, hứa hẹn mang đến trải nghiệm tuyệt vời cho người dùng.","status":"passed","stage":"finished","steps":[],"attachments":[],"parameters":[],"start":1740789986547,"stop":1740789986547},{"name":"Thực hiện chọn ngành hàng","status":"broken","statusDetails":{"known":false,"muted":false,"flaky":false,"message":"An element could not be located on the page using the given search parameters.\nFor documentation on this error, please visit: https://www.selenium.dev/documentation/webdriver/troubleshooting/errors#no-such-element-exception\nBuild info: version: '4.29.0', revision: '5fc1ec94cb'\nSystem info: os.name: 'Windows 11', os.arch: 'amd64', os.version: '10.0', java.version: '17.0.10'\nDriver info: io.appium.java_client.android.AndroidDriver\nCommand: [a82f80e2-1766-4034-af7c-d4b28783b115, findElement {value=new UiScrollable(new UiSelector().scrollable(true)).scrollIntoView(new UiSelector().text(\"Ngành hàng\")), using=-android uiautomator}]\nCapabilities {appium:appActivity: com.shopee.app.ui.home.Home..., appium:appPackage: com.shopee.vn, appium:autoGrantPermissions: true, appium:automationName: UiAutomator2, appium:databaseEnabled: false, appium:desired: {appActivity: com.shopee.app.ui.home.Home..., appPackage: com.shopee.vn, autoGrantPermissions: true, automationName: UiAutomator2, deviceName: OPPO Reno4, ignoreHiddenApiPolicyError: true, noReset: false, platformName: ANDROID}, appium:deviceApiLevel: 31, appium:deviceManufacturer: OPPO, appium:deviceModel: CPH2113, appium:deviceName: 83639429, appium:deviceScreenDensity: 480, appium:deviceScreenSize: 1080x2400, appium:deviceUDID: 83639429, appium:ignoreHiddenApiPolicyError: true, appium:javascriptEnabled: true, appium:locationContextEnabled: false, appium:networkConnectionEnabled: true, appium:noReset: false, appium:pixelRatio: 3, appium:platformVersion: 12, appium:statBarHeight: 111, appium:takesScreenshot: true, appium:viewportRect: {height: 2289, left: 0, top: 111, width: 1080}, appium:warnings: {}, appium:webStorageEnabled: false, platformName: ANDROID}\nSession ID: a82f80e2-1766-4034-af7c-d4b28783b115","trace":"org.openqa.selenium.NoSuchElementException: An element could not be located on the page using the given search parameters.\nFor documentation on this error, please visit: https://www.selenium.dev/documentation/webdriver/troubleshooting/errors#no-such-element-exception\nBuild info: version: '4.29.0', revision: '5fc1ec94cb'\nSystem info: os.name: 'Windows 11', os.arch: 'amd64', os.version: '10.0', java.version: '17.0.10'\nDriver info: io.appium.java_client.android.AndroidDriver\nCommand: [a82f80e2-1766-4034-af7c-d4b28783b115, findElement {value=new UiScrollable(new UiSelector().scrollable(true)).scrollIntoView(new UiSelector().text(\"Ngành hàng\")), using=-android uiautomator}]\nCapabilities {appium:appActivity: com.shopee.app.ui.home.Home..., appium:appPackage: com.shopee.vn, appium:autoGrantPermissions: true, appium:automationName: UiAutomator2, appium:databaseEnabled: false, appium:desired: {appActivity: com.shopee.app.ui.home.Home..., appPackage: com.shopee.vn, autoGrantPermissions: true, automationName: UiAutomator2, deviceName: OPPO Reno4, ignoreHiddenApiPolicyError: true, noReset: false, platformName: ANDROID}, appium:deviceApiLevel: 31, appium:deviceManufacturer: OPPO, appium:deviceModel: CPH2113, appium:deviceName: 83639429, appium:deviceScreenDensity: 480, appium:deviceScreenSize: 1080x2400, appium:deviceUDID: 83639429, appium:ignoreHiddenApiPolicyError: true, appium:javascriptEnabled: true, appium:locationContextEnabled: false, appium:networkConnectionEnabled: true, appium:noReset: false, appium:pixelRatio: 3, appium:platformVersion: 12, appium:statBarHeight: 111, appium:takesScreenshot: true, appium:viewportRect: {height: 2289, left: 0, top: 111, width: 1080}, appium:warnings: {}, appium:webStorageEnabled: false, platformName: ANDROID}\nSession ID: a82f80e2-1766-4034-af7c-d4b28783b115\r\n\tat java.base/jdk.internal.reflect.NativeConstructorAccessorImpl.newInstance0(Native Method)\r\n\tat java.base/jdk.internal.reflect.NativeConstructorAccessorImpl.newInstance(NativeConstructorAccessorImpl.java:77)\r\n\tat java.base/jdk.internal.reflect.DelegatingConstructorAccessorImpl.newInstance(DelegatingConstructorAccessorImpl.java:45)\r\n\tat java.base/java.lang.reflect.Constructor.newInstanceWithCaller(Constructor.java:499)\r\n\tat java.base/java.lang.reflect.Constructor.newInstance(Constructor.java:480)\r\n\tat org.openqa.selenium.remote.ErrorCodec.decode(ErrorCodec.java:167)\r\n\tat org.openqa.selenium.remote.codec.w3c.W3CHttpResponseCodec.decode(W3CHttpResponseCodec.java:138)\r\n\tat org.openqa.selenium.remote.codec.w3c.W3CHttpResponseCodec.decode(W3CHttpResponseCodec.java:50)\r\n\tat org.openqa.selenium.remote.HttpCommandExecutor.execute(HttpCommandExecutor.java:215)\r\n\tat io.appium.java_client.remote.AppiumCommandExecutor.execute(AppiumCommandExecutor.java:237)\r\n\tat org.openqa.selenium.remote.RemoteWebDriver.execute(RemoteWebDriver.java:545)\r\n\tat org.openqa.selenium.remote.ElementLocation$ElementFinder$2.findElement(ElementLocation.java:165)\r\n\tat org.openqa.selenium.remote.ElementLocation.findElement(ElementLocation.java:59)\r\n\tat org.openqa.selenium.remote.RemoteWebDriver.findElement(RemoteWebDriver.java:368)\r\n\tat org.openqa.selenium.remote.RemoteWebDriver.findElement(RemoteWebDriver.java:362)\r\n\tat Page.AddProductPage.chooseBrand(AddProductPage.java:223)\r\n\tat Page.AddProductPage.lambda$0(AddProductPage.java:245)\r\n\tat io.qameta.allure.Allure.lambda$step$1(Allure.java:127)\r\n\tat io.qameta.allure.Allure.step(Allure.java:181)\r\n\tat io.qameta.allure.Allure.step(Allure.java:125)\r\n\tat Page.AddProductPage.chooseBrandAS(AddProductPage.java:244)\r\n\tat Page.AddProductPage.addProductAS(AddProductPage.java:372)\r\n\tat TestCase.TestCaseAddProduct.testAddNewProductWithImageFromLibrary(TestCaseAddProduct.java:215)\r\n\tat java.base/jdk.internal.reflect.NativeMethodAccessorImpl.invoke0(Native Method)\r\n\tat java.base/jdk.internal.reflect.NativeMethodAccessorImpl.invoke(NativeMethodAccessorImpl.java:77)\r\n\tat java.base/jdk.internal.reflect.DelegatingMethodAccessorImpl.invoke(DelegatingMethodAccessorImpl.java:43)\r\n\tat java.base/java.lang.reflect.Method.invoke(Method.java:568)\r\n\tat org.testng.internal.invokers.MethodInvocationHelper.invokeMethod(MethodInvocationHelper.java:141)\r\n\tat org.testng.internal.invokers.TestInvoker.invokeMethod(TestInvoker.java:686)\r\n\tat org.testng.internal.invokers.TestInvoker.invokeTestMethod(TestInvoker.java:230)\r\n\tat org.testng.internal.invokers.MethodRunner.runInSequence(MethodRunner.java:63)\r\n\tat org.testng.internal.invokers.TestInvoker$MethodInvocationAgent.invoke(TestInvoker.java:992)\r\n\tat org.testng.internal.invokers.TestInvoker.invokeTestMethods(TestInvoker.java:203)\r\n\tat org.testng.internal.invokers.TestMethodWorker.invokeTestMethods(TestMethodWorker.java:154)\r\n\tat org.testng.internal.invokers.TestMethodWorker.run(TestMethodWorker.java:134)\r\n\tat java.base/java.util.ArrayList.forEach(ArrayList.java:1511)\r\n\tat org.testng.TestRunner.privateRun(TestRunner.java:739)\r\n\tat org.testng.TestRunner.run(TestRunner.java:614)\r\n\tat org.testng.SuiteRunner.runTest(SuiteRunner.java:421)\r\n\tat org.testng.SuiteRunner.runSequentially(SuiteRunner.java:413)\r\n\tat org.testng.SuiteRunner.privateRun(SuiteRunner.java:373)\r\n\tat org.testng.SuiteRunner.run(SuiteRunner.java:312)\r\n\tat org.testng.SuiteRunnerWorker.runSuite(SuiteRunnerWorker.java:52)\r\n\tat org.testng.SuiteRunnerWorker.run(SuiteRunnerWorker.java:95)\r\n\tat org.testng.TestNG.runSuitesSequentially(TestNG.java:1274)\r\n\tat org.testng.TestNG.runSuitesLocally(TestNG.java:1208)\r\n\tat org.testng.TestNG.runSuites(TestNG.java:1112)\r\n\tat org.testng.TestNG.run(TestNG.java:1079)\r\n\tat org.testng.remote.AbstractRemoteTestNG.run(AbstractRemoteTestNG.java:115)\r\n\tat org.testng.remote.RemoteTestNG.initAndRun(RemoteTestNG.java:293)\r\n\tat org.testng.remote.RemoteTestNG.main(RemoteTestNG.java:91)\r\n"},"stage":"finished","steps":[{"name":"Nhấn chọn ngành hàng","status":"passed","stage":"finished","steps":[],"attachments":[],"parameters":[],"start":1740789992089,"stop":1740789992089}],"attachments":[],"parameters":[],"start":1740789992088,"stop":1740790024811}],"attachments":[{"name":"Screenshot","source":"00555976-9be8-4171-8b9f-b178462a00b5-attachment.png","type":"image/png"}],"parameters":[],"start":1740789970053,"stop":1740790025404}